d:\coder_12\20160104\scanf\debug\scanf.obj
d:\coder_12\20160104\scanf\debug\vc110.pdb
d:\coder_12\20160104\debug\scanf.ilk
d:\coder_12\20160104\debug\scanf.exe
d:\coder_12\20160104\debug\scanf.pdb
c:\users\11264\documents\wd_code\210104\scanf\debug\scanf.obj
c:\users\11264\documents\wd_code\210104\scanf\debug\cl.command.1.tlog
c:\users\11264\documents\wd_code\210104\scanf\debug\cl.read.1.tlog
c:\users\11264\documents\wd_code\210104\scanf\debug\cl.write.1.tlog
c:\users\11264\documents\wd_code\210104\scanf\debug\link-cvtres.read.1.tlog
c:\users\11264\documents\wd_code\210104\scanf\debug\link-cvtres.write.1.tlog
c:\users\11264\documents\wd_code\210104\scanf\debug\link-rc.read.1.tlog
c:\users\11264\documents\wd_code\210104\scanf\debug\link-rc.write.1.tlog
c:\users\11264\documents\wd_code\210104\scanf\debug\link.command.1.tlog
c:\users\11264\documents\wd_code\210104\scanf\debug\link.read.1.tlog
c:\users\11264\documents\wd_code\210104\scanf\debug\link.write.1.tlog
c:\users\11264\documents\wd_code\210104\scanf\debug\vc110.idb
c:\users\11264\documents\wd_code\210104\scanf\debug\vc110.pdb
c:\users\11264\documents\wd_code\210104\debug\scanf.pdb
c:\users\11264\documents\wd_code\210104\debug\scanf.exe
c:\users\11264\documents\wd_code\210104\debug\scanf.ilk
