d:\coder_12\20160104\yunsuanfu\debug\luoji.obj
d:\coder_12\20160104\yunsuanfu\debug\vc110.pdb
d:\coder_12\20160104\yunsuanfu\debug\weiyunsuan.obj
d:\coder_12\20160104\yunsuanfu\debug\tiaojian.obj
d:\coder_12\20160104\yunsuanfu\debug\douhao.obj
d:\coder_12\20160104\debug\yunsuanfu.ilk
d:\coder_12\20160104\debug\yunsuanfu.exe
d:\coder_12\20160104\debug\yunsuanfu.pdb
c:\users\11264\documents\wd_code\210104\yunsuanfu\debug\douhao.obj
c:\users\11264\documents\wd_code\210104\yunsuanfu\debug\luoji.obj
c:\users\11264\documents\wd_code\210104\yunsuanfu\debug\tiaojian.obj
c:\users\11264\documents\wd_code\210104\yunsuanfu\debug\weiyunsuan.obj
c:\users\11264\documents\wd_code\210104\yunsuanfu\debug\cl.command.1.tlog
c:\users\11264\documents\wd_code\210104\yunsuanfu\debug\cl.read.1.tlog
c:\users\11264\documents\wd_code\210104\yunsuanfu\debug\cl.write.1.tlog
c:\users\11264\documents\wd_code\210104\yunsuanfu\debug\link-cvtres.read.1.tlog
c:\users\11264\documents\wd_code\210104\yunsuanfu\debug\link-cvtres.write.1.tlog
c:\users\11264\documents\wd_code\210104\yunsuanfu\debug\link-rc.read.1.tlog
c:\users\11264\documents\wd_code\210104\yunsuanfu\debug\link-rc.write.1.tlog
c:\users\11264\documents\wd_code\210104\yunsuanfu\debug\link.1436-cvtres.read.1.tlog
c:\users\11264\documents\wd_code\210104\yunsuanfu\debug\link.1436-cvtres.write.1.tlog
c:\users\11264\documents\wd_code\210104\yunsuanfu\debug\link.1436-rc.read.1.tlog
c:\users\11264\documents\wd_code\210104\yunsuanfu\debug\link.1436-rc.write.1.tlog
c:\users\11264\documents\wd_code\210104\yunsuanfu\debug\link.1436.read.1.tlog
c:\users\11264\documents\wd_code\210104\yunsuanfu\debug\link.1436.write.1.tlog
c:\users\11264\documents\wd_code\210104\yunsuanfu\debug\link.9824-cvtres.read.1.tlog
c:\users\11264\documents\wd_code\210104\yunsuanfu\debug\link.9824-cvtres.write.1.tlog
c:\users\11264\documents\wd_code\210104\yunsuanfu\debug\link.9824-rc.read.1.tlog
c:\users\11264\documents\wd_code\210104\yunsuanfu\debug\link.9824-rc.write.1.tlog
c:\users\11264\documents\wd_code\210104\yunsuanfu\debug\link.9824.read.1.tlog
c:\users\11264\documents\wd_code\210104\yunsuanfu\debug\link.9824.write.1.tlog
c:\users\11264\documents\wd_code\210104\yunsuanfu\debug\link.command.1.tlog
c:\users\11264\documents\wd_code\210104\yunsuanfu\debug\link.read.1.tlog
c:\users\11264\documents\wd_code\210104\yunsuanfu\debug\link.write.1.tlog
c:\users\11264\documents\wd_code\210104\yunsuanfu\debug\vc110.idb
c:\users\11264\documents\wd_code\210104\yunsuanfu\debug\vc110.pdb
c:\users\11264\documents\wd_code\210104\debug\yunsuanfu.pdb
c:\users\11264\documents\wd_code\210104\debug\yunsuanfu.exe
c:\users\11264\documents\wd_code\210104\debug\yunsuanfu.ilk
