D:\CODER_12\20160104\FLOAT\DEBUG\FLOAT.OBJ
D:\CODER_12\20160104\FLOAT\DEBUG\VC110.PDB
D:\CODER_12\20160104\FLOAT\DEBUG\FLOAT_CAL.OBJ
D:\CODER_12\20160104\DEBUG\FLOAT.ILK
D:\CODER_12\20160104\DEBUG\FLOAT.EXE
D:\CODER_12\20160104\DEBUG\FLOAT.PDB
D:\CODER_12\20160104\float\Debug\float.obj
D:\CODER_12\20160104\float\Debug\float_cal.obj
D:\CODER_12\20160104\float\Debug\cl.command.1.tlog
D:\CODER_12\20160104\float\Debug\CL.read.1.tlog
D:\CODER_12\20160104\float\Debug\CL.write.1.tlog
D:\CODER_12\20160104\float\Debug\link-cvtres.read.1.tlog
D:\CODER_12\20160104\float\Debug\link-cvtres.write.1.tlog
D:\CODER_12\20160104\float\Debug\link-rc.read.1.tlog
D:\CODER_12\20160104\float\Debug\link-rc.write.1.tlog
D:\CODER_12\20160104\float\Debug\link.6012-cvtres.read.1.tlog
D:\CODER_12\20160104\float\Debug\link.6012-cvtres.write.1.tlog
D:\CODER_12\20160104\float\Debug\link.6012-rc.read.1.tlog
D:\CODER_12\20160104\float\Debug\link.6012-rc.write.1.tlog
D:\CODER_12\20160104\float\Debug\link.6012.read.1.tlog
D:\CODER_12\20160104\float\Debug\link.6012.write.1.tlog
D:\CODER_12\20160104\float\Debug\link.command.1.tlog
D:\CODER_12\20160104\float\Debug\link.read.1.tlog
D:\CODER_12\20160104\float\Debug\link.write.1.tlog
D:\CODER_12\20160104\float\Debug\vc110.idb
D:\CODER_12\20160104\float\Debug\vc110.pdb
D:\CODER_12\20160104\Debug\float.pdb
D:\CODER_12\20160104\Debug\float.exe
D:\CODER_12\20160104\Debug\float.ilk
