d:\coder_12\20160104\jinzhi\debug\jinzhi.obj
d:\coder_12\20160104\jinzhi\debug\vc110.pdb
d:\coder_12\20160104\debug\jinzhi.ilk
d:\coder_12\20160104\debug\jinzhi.exe
d:\coder_12\20160104\debug\jinzhi.pdb
c:\users\11264\documents\wd_code\210104\jinzhi\debug\jinzhi.obj
c:\users\11264\documents\wd_code\210104\jinzhi\debug\cl.command.1.tlog
c:\users\11264\documents\wd_code\210104\jinzhi\debug\cl.read.1.tlog
c:\users\11264\documents\wd_code\210104\jinzhi\debug\cl.write.1.tlog
c:\users\11264\documents\wd_code\210104\jinzhi\debug\link-cvtres.read.1.tlog
c:\users\11264\documents\wd_code\210104\jinzhi\debug\link-cvtres.write.1.tlog
c:\users\11264\documents\wd_code\210104\jinzhi\debug\link-rc.read.1.tlog
c:\users\11264\documents\wd_code\210104\jinzhi\debug\link-rc.write.1.tlog
c:\users\11264\documents\wd_code\210104\jinzhi\debug\link.command.1.tlog
c:\users\11264\documents\wd_code\210104\jinzhi\debug\link.read.1.tlog
c:\users\11264\documents\wd_code\210104\jinzhi\debug\link.write.1.tlog
c:\users\11264\documents\wd_code\210104\jinzhi\debug\vc110.idb
c:\users\11264\documents\wd_code\210104\jinzhi\debug\vc110.pdb
c:\users\11264\documents\wd_code\210104\debug\jinzhi.pdb
c:\users\11264\documents\wd_code\210104\debug\jinzhi.exe
c:\users\11264\documents\wd_code\210104\debug\jinzhi.ilk
