d:\coder_12\20160104\char\debug\char.obj
d:\coder_12\20160104\char\debug\vc110.pdb
d:\coder_12\20160104\debug\char.ilk
d:\coder_12\20160104\debug\char.exe
d:\coder_12\20160104\debug\char.pdb
c:\users\11264\documents\wd_code\210104\char\debug\vc140.pdb
c:\users\11264\documents\wd_code\210104\char\debug\vc140.idb
c:\users\11264\documents\wd_code\210104\char\debug\char.obj
c:\users\11264\documents\wd_code\210104\debug\char.ilk
c:\users\11264\documents\wd_code\210104\debug\char.exe
c:\users\11264\documents\wd_code\210104\debug\char.pdb
c:\users\11264\documents\wd_code\210104\char\debug\cl.command.1.tlog
c:\users\11264\documents\wd_code\210104\char\debug\cl.read.1.tlog
c:\users\11264\documents\wd_code\210104\char\debug\cl.write.1.tlog
c:\users\11264\documents\wd_code\210104\char\debug\link-cvtres.read.1.tlog
c:\users\11264\documents\wd_code\210104\char\debug\link-cvtres.write.1.tlog
c:\users\11264\documents\wd_code\210104\char\debug\link-rc.read.1.tlog
c:\users\11264\documents\wd_code\210104\char\debug\link-rc.write.1.tlog
c:\users\11264\documents\wd_code\210104\char\debug\link.command.1.tlog
c:\users\11264\documents\wd_code\210104\char\debug\link.read.1.tlog
c:\users\11264\documents\wd_code\210104\char\debug\link.write.1.tlog
c:\users\11264\documents\wd_code\210104\char\debug\vc110.idb
c:\users\11264\documents\wd_code\210104\char\debug\vc110.pdb
c:\users\11264\documents\wd_code\210104\char\debug\char.tlog\cl.command.1.tlog
c:\users\11264\documents\wd_code\210104\char\debug\char.tlog\cl.read.1.tlog
c:\users\11264\documents\wd_code\210104\char\debug\char.tlog\cl.write.1.tlog
c:\users\11264\documents\wd_code\210104\char\debug\char.tlog\link.command.1.tlog
c:\users\11264\documents\wd_code\210104\char\debug\char.tlog\link.read.1.tlog
c:\users\11264\documents\wd_code\210104\char\debug\char.tlog\link.write.1.tlog
