生成启动时间为 2015/6/9 23:32:14。
     1>项目“F:\prepare\20150609\homework\homework.vcxproj”在节点 2 上(build 个目标)。
     1>InitializeBuildStatus:
         正在对“Debug\homework.unsuccessfulbuild”执行 Touch 任务。
       ClCompile:
         C:\Program Files\Microsoft Visual Studio 10.0\VC\bin\CL.exe /c /ZI /nologo /W3 /WX- /Od /Oy- /D WIN32 /D _DEBUG /D _CONSOLE /D _UNICODE /D UNICODE /Gm /EHsc /RTC1 /MDd /GS /fp:precise /Zc:wchar_t /Zc:forScope /Fo"Debug\\" /Fd"Debug\vc100.pdb" /Gd /TP /analyze- /errorReport:prompt work_06.cpp
         work_06.cpp
     1>f:\prepare\20150609\homework\work_06.cpp(105): warning C4101: “week”: 未引用的局部变量
       ManifestResourceCompile:
         所有输出均为最新。
       Link:
         C:\Program Files\Microsoft Visual Studio 10.0\VC\bin\link.exe /ERRORREPORT:PROMPT /OUT:"F:\prepare\20150609\Debug\homework.exe" /INCREMENTAL /NOLOGO kernel32.lib user32.lib gdi32.lib winspool.lib comdlg32.lib advapi32.lib shell32.lib ole32.lib oleaut32.lib uuid.lib odbc32.lib odbccp32.lib /MANIFEST /ManifestFile:"Debug\homework.exe.intermediate.manifest" /MANIFESTUAC:"level='asInvoker' uiAccess='false'" /DEBUG /PDB:"F:\prepare\20150609\Debug\homework.pdb" /SUBSYSTEM:CONSOLE /TLBID:1 /DYNAMICBASE /NXCOMPAT /IMPLIB:"F:\prepare\20150609\Debug\homework.lib" /MACHINE:X86 Debug\homework.exe.embed.manifest.res
         Debug\worktest.obj
         Debug\work_01.obj
         Debug\work_02.obj
         Debug\work_03.obj
         Debug\work_04.obj
         Debug\work_05.obj
         Debug\work_06.obj
       Manifest:
         C:\Program Files\Microsoft SDKs\Windows\v7.0A\bin\mt.exe /nologo /verbose /out:"Debug\homework.exe.embed.manifest" /manifest Debug\homework.exe.intermediate.manifest
         所有输出均为最新。
       LinkEmbedManifest:
         所有输出均为最新。
         homework.vcxproj -> F:\prepare\20150609\Debug\homework.exe
       FinalizeBuildStatus:
         正在删除文件“Debug\homework.unsuccessfulbuild”。
         正在对“Debug\homework.lastbuildstate”执行 Touch 任务。
     1>已完成生成项目“F:\prepare\20150609\homework\homework.vcxproj”(build 个目标)的操作。

生成成功。

已用时间 00:00:01.22
